make all --print-data-base --no-builtin-variables --no-builtin-rules --question
# GNU Make 3.81
# Copyright (C) 2006  Free Software Foundation, Inc.
# This is free software; see the source for copying conditions.
# There is NO warranty; not even for MERCHANTABILITY or FITNESS FOR A
# PARTICULAR PURPOSE.

# This program built for i386-apple-darwin11.3.0

# Make data base, printed on Sun Jun 19 23:18:36 2022

# Variables

# automatic
<D = $(patsubst %/,%,$(dir $<))
# automatic
?F = $(notdir $?)
# makefile (from `Makefile', line 22)
SRC = utils/ft_atoi.c utils/ft_calloc.c utils/ft_isdigit.c utils/ft_split.c utils/ft_strlcat.c utils/ft_strlcpy.c utils/ft_strlen.c utils/get_next_line.c utils/ft_strjoin.c utils/ft_bzero.c instructions/instructions.c instructions/instructions1.c instructions/instructions2.c push_swap.c parse.c stack.c sort.c sort1.c 
# environment
VSCODE_LOG_NATIVE = false
# automatic
?D = $(patsubst %/,%,$(dir $?))
# automatic
@D = $(patsubst %/,%,$(dir $@))
# automatic
@F = $(notdir $@)
# makefile
CURDIR := /Users/megrisse/Desktop/Push_Swap_42
# makefile
SHELL = /bin/sh
# environment
VSCODE_NLS_CONFIG = {"locale":"en-us","availableLanguages":{},"_languagePackSupport":true}
# environment
_ = /usr/bin/make
# makefile (from `Makefile', line 1)
MAKEFILE_LIST :=  Makefile
# environment
VSCODE_VERBOSE_LOGGING = true
# makefile (from `Makefile', line 41)
OBJS = $(SRC:.c=.o)
# environment
VSCODE_IPC_HOOK_EXTHOST = /var/folders/zz/zyxvpxvq6csfxvn_n000cdzc0033gv/T/vscode-ipc-22588b74-5992-4ed5-9549-25f66f2e79c8.sock
# environment
VSCODE_CWD = /
# environment
PATH = /Users/megrisse/goinfre/.brew/bin:/usr/local/bin:/usr/bin:/bin:/usr/sbin:/sbin:/usr/local/munki
# environment
LSCOLORS = Gxfxcxdxbxegedabagacad
# environment
LaunchInstanceID = FA842857-A139-4BAF-9C10-2B87A1C84777
# environment
VSCODE_LOG_STACK = false
# environment
ELECTRON_RUN_AS_NODE = 1
# default
.FEATURES := target-specific order-only second-expansion else-if archives jobserver check-symlink
# environment
SSH_AUTH_SOCK = /private/tmp/com.apple.launchd.typnZ3xqIr/Listeners
# automatic
%F = $(notdir $%)
# environment
VSCODE_PIPE_LOGGING = true
# environment
PWD = /Users/megrisse/Desktop/Push_Swap_42
# environment
ORIGINAL_XDG_CURRENT_DESKTOP = undefined
# environment
VSCODE_AMD_ENTRYPOINT = vs/workbench/api/node/extensionHostProcess
# environment
HOME = /Users/megrisse
# default
MAKEFILEPATH = $(shell /usr/bin/xcode-select -print-path 2>/dev/null || echo /Developer)/Makefiles
# environment
VSCODE_CODE_CACHE_PATH = /Users/megrisse/Library/Application Support/Code/CachedData/57fd6d0195bb9b9d1b49f6da5db789060795de47
# environment
LOGNAME = megrisse
# environment
APPLICATION_INSIGHTS_NO_DIAGNOSTIC_CHANNEL = 1
# environment
ZSH = /Users/megrisse/.oh-my-zsh
# environment
VSCODE_HANDLES_UNCAUGHT_ERRORS = true
# automatic
^D = $(patsubst %/,%,$(dir $^))
# environment
XPC_FLAGS = 0x0
# default
MAKE = $(MAKE_COMMAND)
# default
MAKECMDGOALS := all
# environment
SHLVL = 1
# makefile (from `Makefile', line 14)
CC = gcc
# default
MAKE_VERSION := 3.81
# environment
USER = megrisse
# makefile
.DEFAULT_GOAL := all
# makefile (from `Makefile', line 13)
NAME = push_swap
# environment
LESS = -R
# automatic
%D = $(patsubst %/,%,$(dir $%))
# default
MAKE_COMMAND := /Library/Developer/CommandLineTools/usr/bin/make
# makefile (from `Makefile', line 16)
INC = push_swap
# default
.VARIABLES := 
# environment
TMPDIR = /var/folders/zz/zyxvpxvq6csfxvn_n000cdzc0033gv/T/
# automatic
*F = $(notdir $*)
# environment
VSCODE_IPC_HOOK = /Users/megrisse/Library/Application Support/Code/1.67.0-main.sock
# makefile
MAKEFLAGS = Rrqp
# environment
MFLAGS = -Rrqp
# automatic
*D = $(patsubst %/,%,$(dir $*))
# environment
NVM_DIR = /Users/megrisse/.nvm
# environment
XPC_SERVICE_NAME = com.apple.xpc.launchd.oneshot.0x10000002.Electron
# automatic
+D = $(patsubst %/,%,$(dir $+))
# automatic
+F = $(notdir $+)
# environment
__CF_USER_TEXT_ENCODING = 0x18DFB:0x0:0x0
# environment
COMMAND_MODE = unix2003
# default
MAKEFILES := 
# environment
HOMEBREW_NO_AUTO_UPDATE = 1
# automatic
<F = $(notdir $<)
# environment
PAGER = less
# environment
LC_ALL = C
# makefile (from `Makefile', line 20)
HEADER = push_swap.h
# environment
SECURITYSESSIONID = 186a8
# automatic
^F = $(notdir $^)
# default
SUFFIXES := 
# makefile (from `Makefile', line 18)
FLAGS = -Wall -Wextra -Werror -g
# default
.INCLUDE_DIRS = /usr/local/include
# environment
MAKELEVEL := 0
# environment
LANG = C
# environment
VSCODE_PID = 1008
# variable set hash-table stats:
# Load=76/1024=7%, Rehash=0, Collisions=3/106=3%

# Pattern-specific Variable Values

# No pattern-specific variable values.

# Directories

# utils (device 16777225, inode 9769): 21 files, no impossibilities so far.
# . (device 16777225, inode 9605): 22 files, no impossibilities.
# instructions (device 16777225, inode 9762): 7 files, no impossibilities so far.

# 50 files, no impossibilities in 3 directories.

# Implicit Rules

%.o: %.c push_swap.h
#  commands to execute (from `Makefile', line 49):
	$(CC) $(FLAGS) -c $< -o $@
	

# 1 implicit rules, 0 (0.0%) terminal.

# Files

# Not a target:
utils/ft_strlen.c:
#  Implicit rule search has been done.
#  Last modified 2022-06-11 23:40:28
#  File has been updated.
#  Successfully updated.
# variable set hash-table stats:
# Load=0/32=0%, Rehash=0, Collisions=0/0=0%

instructions/instructions2.o: instructions/instructions2.c push_swap.h
#  Implicit rule search has been done.
#  Implicit/static pattern stem: `instructions/instructions2'
#  Last modified 2022-06-19 22:28:18
#  File has been updated.
#  Successfully updated.
# variable set hash-table stats:
# Load=0/32=0%, Rehash=0, Collisions=0/0=0%
#  commands to execute (from `Makefile', line 49):
	$(CC) $(FLAGS) -c $< -o $@
	

# Not a target:
push_swap.c:
#  Implicit rule search has been done.
#  Last modified 2022-06-19 21:09:23
#  File has been updated.
#  Successfully updated.
# variable set hash-table stats:
# Load=0/32=0%, Rehash=0, Collisions=0/0=0%

all: push_swap
#  Command-line target.
#  Implicit rule search has been done.
#  File does not exist.
#  File has been updated.
#  Successfully updated.
# variable set hash-table stats:
# Load=0/32=0%, Rehash=0, Collisions=0/0=0%

utils/ft_calloc.o: utils/ft_calloc.c push_swap.h
#  Implicit rule search has been done.
#  Implicit/static pattern stem: `utils/ft_calloc'
#  Last modified 2022-06-19 22:28:18
#  File has been updated.
#  Successfully updated.
# variable set hash-table stats:
# Load=0/32=0%, Rehash=0, Collisions=0/0=0%
#  commands to execute (from `Makefile', line 49):
	$(CC) $(FLAGS) -c $< -o $@
	

# Not a target:
utils/ft_strjoin.c:
#  Implicit rule search has been done.
#  Last modified 2022-06-11 23:40:28
#  File has been updated.
#  Successfully updated.
# variable set hash-table stats:
# Load=0/32=0%, Rehash=0, Collisions=0/0=0%

# Not a target:
utils/ft_split.c:
#  Implicit rule search has been done.
#  Last modified 2022-06-11 23:40:28
#  File has been updated.
#  Successfully updated.
# variable set hash-table stats:
# Load=0/32=0%, Rehash=0, Collisions=0/0=0%

# Not a target:
instructions/instructions1.c:
#  Implicit rule search has been done.
#  Last modified 2022-06-19 22:26:06
#  File has been updated.
#  Successfully updated.
# variable set hash-table stats:
# Load=0/32=0%, Rehash=0, Collisions=0/0=0%

parse.o: parse.c push_swap.h
#  Implicit rule search has been done.
#  Implicit/static pattern stem: `parse'
#  Last modified 2022-06-19 22:28:18
#  File has been updated.
#  Successfully updated.
# variable set hash-table stats:
# Load=0/32=0%, Rehash=0, Collisions=0/0=0%
#  commands to execute (from `Makefile', line 49):
	$(CC) $(FLAGS) -c $< -o $@
	

# Not a target:
utils/ft_strlcat.c:
#  Implicit rule search has been done.
#  Last modified 2022-06-11 23:40:28
#  File has been updated.
#  Successfully updated.
# variable set hash-table stats:
# Load=0/32=0%, Rehash=0, Collisions=0/0=0%

# Not a target:
push_swap.h:
#  Implicit rule search has been done.
#  Last modified 2022-06-19 21:28:56
#  File has been updated.
#  Successfully updated.
# variable set hash-table stats:
# Load=0/32=0%, Rehash=0, Collisions=0/0=0%

# Not a target:
utils/ft_bzero.c:
#  Implicit rule search has been done.
 
make: Circular push_swap <- push_swap dependency dropped.

#  Last modified 2022-06-18 03:44:01
#  File has been updated.
#  Successfully updated.
# variable set hash-table stats:
# Load=0/32=0%, Rehash=0, Collisions=0/0=0%

utils/ft_strlcpy.o: utils/ft_strlcpy.c push_swap.h
#  Implicit rule search has been done.
#  Implicit/static pattern stem: `utils/ft_strlcpy'
#  Last modified 2022-06-19 22:28:18
#  File has been updated.
#  Successfully updated.
# variable set hash-table stats:
# Load=0/32=0%, Rehash=0, Collisions=0/0=0%
#  commands to execute (from `Makefile', line 49):
	$(CC) $(FLAGS) -c $< -o $@
	

# Not a target:
.SUFFIXES:
#  Implicit rule search has not been done.
#  Modification time never checked.
#  File has not been updated.

# Not a target:
Makefile:
#  Implicit rule search has been done.
#  Last modified 2022-06-12 21:14:21
#  File has been updated.
#  Successfully updated.
# variable set hash-table stats:
# Load=0/32=0%, Rehash=0, Collisions=0/0=0%

sort.o: sort.c push_swap.h
#  Implicit rule search has been done.
#  Implicit/static pattern stem: `sort'
#  Last modified 2022-06-19 22:28:18
#  File has been updated.
#  Successfully updated.
# variable set hash-table stats:
# Load=0/32=0%, Rehash=0, Collisions=0/0=0%
#  commands to execute (from `Makefile', line 49):
	$(CC) $(FLAGS) -c $< -o $@
	

# Not a target:
instructions/instructions2.c:
#  Implicit rule search has been done.
#  Last modified 2022-06-19 21:33:36
#  File has been updated.
#  Successfully updated.
# variable set hash-table stats:
# Load=0/32=0%, Rehash=0, Collisions=0/0=0%

utils/get_next_line.o: utils/get_next_line.c push_swap.h
#  Implicit rule search has been done.
#  Implicit/static pattern stem: `utils/get_next_line'
#  Last modified 2022-06-19 22:28:18
#  File has been updated.
#  Successfully updated.
# variable set hash-table stats:
# Load=0/32=0%, Rehash=0, Collisions=0/0=0%
#  commands to execute (from `Makefile', line 49):
	$(CC) $(FLAGS) -c $< -o $@
	

# Not a target:
utils/ft_calloc.c:
#  Implicit rule search has been done.
#  Last modified 2022-06-18 03:52:47
#  File has been updated.
#  Successfully updated.
# variable set hash-table stats:
# Load=0/32=0%, Rehash=0, Collisions=0/0=0%

fclean: clean
#  Implicit rule search has not been done.
#  Modification time never checked.
#  File has not been updated.
#  commands to execute (from `Makefile', line 57):
	rm -rf $(NAME)
	

utils/ft_atoi.o: utils/ft_atoi.c push_swap.h
#  Implicit rule search has been done.
#  Implicit/static pattern stem: `utils/ft_atoi'
#  Last modified 2022-06-19 22:28:18
#  File has been updated.
#  Successfully updated.
# variable set hash-table stats:
# Load=0/32=0%, Rehash=0, Collisions=0/0=0%
#  commands to execute (from `Makefile', line 49):
	$(CC) $(FLAGS) -c $< -o $@
	

# Not a target:
parse.c:
#  Implicit rule search has been done.
#  Last modified 2022-06-12 19:47:32
#  File has been updated.
#  Successfully updated.
# variable set hash-table stats:
# Load=0/32=0%, Rehash=0, Collisions=0/0=0%

sort1.o: sort1.c push_swap.h
#  Implicit rule search has been done.
#  Implicit/static pattern stem: `sort1'
#  Last modified 2022-06-19 22:28:18
#  File has been updated.
#  Successfully updated.
# variable set hash-table stats:
# Load=0/32=0%, Rehash=0, Collisions=0/0=0%
#  commands to execute (from `Makefile', line 49):
	$(CC) $(FLAGS) -c $< -o $@
	

# Not a target:
utils/ft_strlcpy.c:
#  Implicit rule search has been done.
#  Last modified 2022-06-11 23:40:28
#  File has been updated.
#  Successfully updated.
# variable set hash-table stats:
# Load=0/32=0%, Rehash=0, Collisions=0/0=0%

instructions/instructions.o: instructions/instructions.c push_swap.h
#  Implicit rule search has been done.
#  Implicit/static pattern stem: `instructions/instructions'
#  Last modified 2022-06-19 22:28:18
#  File has been updated.
#  Successfully updated.
# variable set hash-table stats:
# Load=0/32=0%, Rehash=0, Collisions=0/0=0%
#  commands to execute (from `Makefile', line 49):
	$(CC) $(FLAGS) -c $< -o $@
	

# Not a target:
.DEFAULT:
#  Implicit rule search has not been done.
#  Modification time never checked.
#  File has not been updated.

# Not a target:
utils/ft_isdigit.c:
#  Implicit rule search has been done.
#  Last modified 2022-06-11 23:40:28
#  File has been updated.
#  Successfully updated.
# variable set hash-table stats:
# Load=0/32=0%, Rehash=0, Collisions=0/0=0%

re: fclean all
#  Implicit rule search has not been done.
#  Modification time never checked.
#  File has not been updated.

# Not a target:
sort.c:
#  Implicit rule search has been done.
#  Last modified 2022-06-12 20:38:08
#  File has been updated.
#  Successfully updated.
# variable set hash-table stats:
# Load=0/32=0%, Rehash=0, Collisions=0/0=0%

utils/ft_strlen.o: utils/ft_strlen.c push_swap.h
#  Implicit rule search has been done.
#  Implicit/static pattern stem: `utils/ft_strlen'
#  Last modified 2022-06-19 22:28:18
#  File has been updated.
#  Successfully updated.
# variable set hash-table stats:
# Load=0/32=0%, Rehash=0, Collisions=0/0=0%
#  commands to execute (from `Makefile', line 49):
	$(CC) $(FLAGS) -c $< -o $@
	

clean:
#  Implicit rule search has not been done.
#  Modification time never checked.
#  File has not been updated.
#  commands to execute (from `Makefile', line 52):
	rm -rf *.o
	rm -rf utils/*.o
	rm -rf instructions/*.o
	

utils/ft_isdigit.o: utils/ft_isdigit.c push_swap.h
#  Implicit rule search has been done.
#  Implicit/static pattern stem: `utils/ft_isdigit'
#  Last modified 2022-06-19 22:28:18
#  File has been updated.
#  Successfully updated.
# variable set hash-table stats:
# Load=0/32=0%, Rehash=0, Collisions=0/0=0%
#  commands to execute (from `Makefile', line 49):
	$(CC) $(FLAGS) -c $< -o $@
	

push_swap.o: push_swap.c push_swap.h
#  Implicit rule search has been done.
#  Implicit/static pattern stem: `push_swap'
#  Last modified 2022-06-19 22:28:18
#  File has been updated.
#  Successfully updated.
# variable set hash-table stats:
# Load=0/32=0%, Rehash=0, Collisions=0/0=0%
#  commands to execute (from `Makefile', line 49):
	$(CC) $(FLAGS) -c $< -o $@
	

push_swap: utils/ft_atoi.o utils/ft_calloc.o utils/ft_isdigit.o utils/ft_split.o utils/ft_strlcat.o utils/ft_strlcpy.o utils/ft_strlen.o utils/get_next_line.o utils/ft_strjoin.o utils/ft_bzero.o instructions/instructions.o instructions/instructions1.o instructions/instructions2.o push_swap.o parse.o stack.o sort.o sort1.o
#  Implicit rule search has not been done.
#  Last modified 2022-06-19 22:28:18
#  File has been updated.
#  Successfully updated.
# variable set hash-table stats:
# Load=0/32=0%, Rehash=0, Collisions=0/0=0%
#  commands to execute (from `Makefile', line 46):
	$(CC) $(FLAGS) $(OBJS) -o $(NAME)
	

# Not a target:
utils/get_next_line.c:
#  Implicit rule search has been done.
#  Last modified 2022-06-11 23:40:28
#  File has been updated.
#  Successfully updated.
# variable set hash-table stats:
# Load=0/32=0%, Rehash=0, Collisions=0/0=0%

utils/ft_strjoin.o: utils/ft_strjoin.c push_swap.h
#  Implicit rule search has been done.
#  Implicit/static pattern stem: `utils/ft_strjoin'
#  Last modified 2022-06-19 22:28:18
#  File has been updated.
#  Successfully updated.
# variable set hash-table stats:
# Load=0/32=0%, Rehash=0, Collisions=0/0=0%
#  commands to execute (from `Makefile', line 49):
	$(CC) $(FLAGS) -c $< -o $@
	

utils/ft_split.o: utils/ft_split.c push_swap.h
#  Implicit rule search has been done.
#  Implicit/static pattern stem: `utils/ft_split'
#  Last modified 2022-06-19 22:28:18
#  File has been updated.
#  Successfully updated.
# variable set hash-table stats:
# Load=0/32=0%, Rehash=0, Collisions=0/0=0%
#  commands to execute (from `Makefile', line 49):
	$(CC) $(FLAGS) -c $< -o $@
	

instructions/instructions1.o: instructions/instructions1.c push_swap.h
#  Implicit rule search has been done.
#  Implicit/static pattern stem: `instructions/instructions1'
#  Last modified 2022-06-19 22:28:18
#  File has been updated.
#  Successfully updated.
# variable set hash-table stats:
# Load=0/32=0%, Rehash=0, Collisions=0/0=0%
#  commands to execute (from `Makefile', line 49):
	$(CC) $(FLAGS) -c $< -o $@
	

utils/ft_strlcat.o: utils/ft_strlcat.c push_swap.h
 
#  Implicit rule search has been done.
#  Implicit/static pattern stem: `utils/ft_strlcat'
#  Last modified 2022-06-19 22:28:18
#  File has been updated.
#  Successfully updated.
# variable set hash-table stats:
# Load=0/32=0%, Rehash=0, Collisions=0/0=0%
#  commands to execute (from `Makefile', line 49):
	$(CC) $(FLAGS) -c $< -o $@
	

# Not a target:
utils/ft_atoi.c:
#  Implicit rule search has been done.
#  Last modified 2022-06-12 19:59:45
#  File has been updated.
#  Successfully updated.
# variable set hash-table stats:
# Load=0/32=0%, Rehash=0, Collisions=0/0=0%

utils/ft_bzero.o: utils/ft_bzero.c push_swap.h
#  Implicit rule search has been done.
#  Implicit/static pattern stem: `utils/ft_bzero'
#  Last modified 2022-06-19 22:28:18
#  File has been updated.
#  Successfully updated.
# variable set hash-table stats:
# Load=0/32=0%, Rehash=0, Collisions=0/0=0%
#  commands to execute (from `Makefile', line 49):
	$(CC) $(FLAGS) -c $< -o $@
	

# Not a target:
sort1.c:
#  Implicit rule search has been done.
#  Last modified 2022-06-19 22:28:16
#  File has been updated.
#  Successfully updated.
# variable set hash-table stats:
# Load=0/32=0%, Rehash=0, Collisions=0/0=0%

# Not a target:
stack.c:
#  Implicit rule search has been done.
#  Last modified 2022-06-19 21:27:17
#  File has been updated.
#  Successfully updated.
# variable set hash-table stats:
# Load=0/32=0%, Rehash=0, Collisions=0/0=0%

# Not a target:
instructions/instructions.c:
#  Implicit rule search has been done.
#  Last modified 2022-06-19 22:09:03
#  File has been updated.
#  Successfully updated.
# variable set hash-table stats:
# Load=0/32=0%, Rehash=0, Collisions=0/0=0%

stack.o: stack.c push_swap.h
#  Implicit rule search has been done.
#  Implicit/static pattern stem: `stack'
#  Last modified 2022-06-19 22:28:18
#  File has been updated.
#  Successfully updated.
# variable set hash-table stats:
# Load=0/32=0%, Rehash=0, Collisions=0/0=0%
#  commands to execute (from `Makefile', line 49):
	$(CC) $(FLAGS) -c $< -o $@
	

# files hash-table stats:
# Load=45/1024=4%, Rehash=0, Collisions=8/171=5%
# VPATH Search Paths

# No `vpath' search paths.

# No general (`VPATH' variable) search path.

# # of strings in strcache: 1
# # of strcache buffers: 1
# strcache size: total = 4096 / max = 4096 / min = 4096 / avg = 4096
# strcache free: total = 4087 / max = 4087 / min = 4087 / avg = 4087

# Finished Make data base on Sun Jun 19 23:18:36 2022

 
